<?xml version="1.0" encoding="UTF-8"?>
<!-- Generated by org.testng.reporters.JUnitReportReporter -->
<testsuite hostname="LAPTOP-L86JNH65" failures="0" tests="1" name="RestAssuredTests.PUTRequestTest" time="2.591" errors="0" timestamp="2023-01-08T20:05:23 IST" skipped="0">
  <testcase classname="RestAssuredTests.PUTRequestTest" name="PUTrequestCheck" time="2.591"/>
  <system-out/>
</testsuite> <!-- RestAssuredTests.PUTRequestTest -->
