<?xml version="1.0" encoding="UTF-8"?>
<!-- Generated by org.testng.reporters.JUnitReportReporter -->
<testsuite hostname="LAPTOP-L86JNH65" failures="0" tests="1" name="RestAssuredTests.POSTRequestTest" time="2.802" errors="0" timestamp="2023-01-08T19:36:04 IST" skipped="0">
  <testcase classname="RestAssuredTests.POSTRequestTest" name="POSTRequestCheck" time="2.802"/>
  <system-out/>
</testsuite> <!-- RestAssuredTests.POSTRequestTest -->
