<?xml version="1.0" encoding="UTF-8"?>
<!-- Generated by org.testng.reporters.JUnitReportReporter -->
<testsuite hostname="LAPTOP-L86JNH65" failures="0" tests="1" name="Basic_RestAssuredTests.PATCHandDELETERequestTest" time="4.031" errors="0" timestamp="2023-01-09T18:27:27 IST" skipped="0">
  <testcase classname="Basic_RestAssuredTests.PATCHandDELETERequestTest" name="DeleteRequestCheck" time="4.031"/>
  <system-out/>
</testsuite> <!-- Basic_RestAssuredTests.PATCHandDELETERequestTest -->
