<?xml version="1.0" encoding="UTF-8"?>
<!-- Generated by org.testng.reporters.JUnitReportReporter -->
<testsuite hostname="LAPTOP-L86JNH65" failures="0" tests="2" name="Basic_RestAssuredTests.GETRequestTest" time="6.111" errors="0" timestamp="2023-01-09T02:35:08 IST" skipped="0">
  <testcase classname="Basic_RestAssuredTests.GETRequestTest" name="practice_GET_Request" time="1.178"/>
  <system-out/>
  <testcase classname="Basic_RestAssuredTests.GETRequestTest" name="CheckforChartName" time="4.933"/>
  <system-out/>
</testsuite> <!-- Basic_RestAssuredTests.GETRequestTest -->
