<?xml version="1.0" encoding="UTF-8"?>
<!-- Generated by org.testng.reporters.JUnitReportReporter -->
<testsuite hostname="LAPTOP-L86JNH65" failures="0" tests="1" name="Basic_RestAssuredTests.POSTRequestTest" time="2.668" errors="0" timestamp="2023-01-09T04:22:02 IST" skipped="0">
  <testcase classname="Basic_RestAssuredTests.POSTRequestTest" name="POSTRequestCheck" time="2.668"/>
  <system-out/>
</testsuite> <!-- Basic_RestAssuredTests.POSTRequestTest -->
